<?xml version="1.0" encoding="UTF-8"?>
<!-- Generated by org.testng.reporters.JUnitReportReporter -->
<testsuite skipped="0" hostname="DESKTOP-GSE3O5J" name="Test.TitleVerify" tests="1" failures="0" timestamp="10 Jun 2019 08:58:40 GMT" time="10.218" errors="0">
  <testcase name="verifyTitle" time="10.218" classname="Test.TitleVerify"/>
</testsuite> <!-- Test.TitleVerify -->
