<?xml version="1.0" encoding="UTF-8"?>
<!-- Generated by org.testng.reporters.JUnitReportReporter -->
<testsuite skipped="0" hostname="DESKTOP-GSE3O5J" name="Test.TitleVerify" tests="1" failures="0" timestamp="11 Jun 2019 04:27:36 GMT" time="12.226" errors="0">
  <testcase name="verifyTitle" time="12.226" classname="Test.TitleVerify"/>
</testsuite> <!-- Test.TitleVerify -->
